kotlin version: 1.8.20
error message: Incremental compilation failed: null
java.io.EOFException
	at java.base/java.io.DataInputStream.readFully(DataInputStream.java:202)
	at org.jetbrains.kotlin.com.intellij.util.io.IOUtil.readUTFFast(IOUtil.java:147)
	at org.jetbrains.kotlin.com.intellij.util.io.IOUtil.readUTF(IOUtil.java:99)
	at org.jetbrains.kotlin.com.intellij.util.io.EnumeratorStringDescriptor.read(EnumeratorStringDescriptor.java:50)
	at org.jetbrains.kotlin.com.intellij.util.io.EnumeratorStringDescriptor.read(EnumeratorStringDescriptor.java:27)
	at org.jetbrains.kotlin.incremental.storage.CollectionExternalizer.read(externalizers.kt:285)
	at org.jetbrains.kotlin.incremental.storage.CollectionExternalizer.read(externalizers.kt:276)
	at org.jetbrains.kotlin.com.intellij.util.io.PersistentHashMap.doGet(PersistentHashMap.java:659)
	at org.jetbrains.kotlin.com.intellij.util.io.PersistentHashMap.get(PersistentHashMap.java:602)
	at org.jetbrains.kotlin.incremental.storage.CachingLazyStorage.get(CachingLazyStorage.kt:69)
	at org.jetbrains.kotlin.incremental.storage.SourceToOutputFilesMap.get(SourceToOutputFilesMap.kt:21)
	at org.jetbrains.kotlin.incremental.storage.SourceToOutputFilesMap.remove(SourceToOutputFilesMap.kt:27)
	at org.jetbrains.kotlin.incremental.InputsCache.removeOutputForSourceFiles(InputsCache.kt:41)
	at org.jetbrains.kotlin.incremental.IncrementalCompilerRunner.doCompile(IncrementalCompilerRunner.kt:467)
	at org.jetbrains.kotlin.incremental.IncrementalCompilerRunner.compileImpl(IncrementalCompilerRunner.kt:409)
	at org.jetbrains.kotlin.incremental.IncrementalCompilerRunner.tryCompileIncrementally$lambda$2$compile(IncrementalCompilerRunner.kt:210)
	at org.jetbrains.kotlin.incremental.IncrementalCompilerRunner.tryCompileIncrementally(IncrementalCompilerRunner.kt:241)
	at org.jetbrains.kotlin.incremental.IncrementalCompilerRunner.compile(IncrementalCompilerRunner.kt:103)
	at org.jetbrains.kotlin.daemon.CompileServiceImplBase.execIncrementalCompiler(CompileServiceImpl.kt:627)
	at org.jetbrains.kotlin.daemon.CompileServiceImplBase.access$execIncrementalCompiler(CompileServiceImpl.kt:101)
	at org.jetbrains.kotlin.daemon.CompileServiceImpl.compile(CompileServiceImpl.kt:1587)
	at java.base/jdk.internal.reflect.NativeMethodAccessorImpl.invoke0(Native Method)
	at java.base/jdk.internal.reflect.NativeMethodAccessorImpl.invoke(NativeMethodAccessorImpl.java:62)
	at java.base/jdk.internal.reflect.DelegatingMethodAccessorImpl.invoke(DelegatingMethodAccessorImpl.java:43)
	at java.base/java.lang.reflect.Method.invoke(Method.java:566)
	at java.rmi/sun.rmi.server.UnicastServerRef.dispatch(UnicastServerRef.java:359)
	at java.rmi/sun.rmi.transport.Transport$1.run(Transport.java:200)
	at java.rmi/sun.rmi.transport.Transport$1.run(Transport.java:197)
	at java.base/java.security.AccessController.doPrivileged(Native Method)
	at java.rmi/sun.rmi.transport.Transport.serviceCall(Transport.java:196)
	at java.rmi/sun.rmi.transport.tcp.TCPTransport.handleMessages(TCPTransport.java:562)
	at java.rmi/sun.rmi.transport.tcp.TCPTransport$ConnectionHandler.run0(TCPTransport.java:796)
	at java.rmi/sun.rmi.transport.tcp.TCPTransport$ConnectionHandler.lambda$run$0(TCPTransport.java:677)
	at java.base/java.security.AccessController.doPrivileged(Native Method)
	at java.rmi/sun.rmi.transport.tcp.TCPTransport$ConnectionHandler.run(TCPTransport.java:676)
	at java.base/java.util.concurrent.ThreadPoolExecutor.runWorker(ThreadPoolExecutor.java:1128)
	at java.base/java.util.concurrent.ThreadPoolExecutor$Worker.run(ThreadPoolExecutor.java:628)
	at java.base/java.lang.Thread.run(Thread.java:829)


